<?xml version="1.0" encoding="UTF-8"?>
<testsuite xmlns:xsi="http://www.w3.org/2001/XMLSchema-instance" xsi:noNamespaceSchemaLocation="https://maven.apache.org/surefire/maven-surefire-plugin/xsd/surefire-test-report-3.0.xsd" version="3.0" name="com.sameer.product_service.service.ProductServiceTest" time="0.765" tests="10" errors="0" skipped="0" failures="0">
  <properties>
[...]
</properties>
  <testcase name="getAllProducts_Success" classname="com.sameer.product_service.service.ProductServiceTest" time="0.437">
    <system-out><![CDATA[2026-07-06T23:01:33.238+05:30  INFO 21060 --- [product-service] [           main] c.s.p.service.impl.ProductServiceImpl    : Fetching all products with pagination
]]></system-out>
  </testcase>
  <testcase name="updateProduct_Success" classname="com.sameer.product_service.service.ProductServiceTest" time="0.112">
    <system-out><![CDATA[2026-07-06T23:01:33.393+05:30  INFO 21060 --- [product-service] [           main] c.s.p.service.impl.ProductServiceImpl    : Updating product with ID: 780894a4-bd35-4f92-9cfa-330818111951
2026-07-06T23:01:33.402+05:30  INFO 21060 --- [product-service] [           main] c.s.p.service.impl.ProductServiceImpl    : Product updated successfully with ID: 780894a4-bd35-4f92-9cfa-330818111951
]]></system-out>
  </testcase>
  <testcase name="createProduct_ThrowsDuplicateSkuException" classname="com.sameer.product_service.service.ProductServiceTest" time="0.008">
    <system-out><![CDATA[2026-07-06T23:01:33.414+05:30  INFO 21060 --- [product-service] [           main] c.s.p.service.impl.ProductServiceImpl    : Creating product with SKU: SKU-123
2026-07-06T23:01:33.414+05:30  WARN 21060 --- [product-service] [           main] c.s.p.service.impl.ProductServiceImpl    : Product creation failed. SKU already exists: SKU-123
]]></system-out>
  </testcase>
  <testcase name="getProductById_Success" classname="com.sameer.product_service.service.ProductServiceTest" time="0.015">
    <system-out><![CDATA[2026-07-06T23:01:33.423+05:30  INFO 21060 --- [product-service] [           main] c.s.p.service.impl.ProductServiceImpl    : Fetching product with ID: f55c9711-6dfe-48f5-8335-cbd9538c4151
]]></system-out>
  </testcase>
  <testcase name="getProductById_ThrowsNotFoundException" classname="com.sameer.product_service.service.ProductServiceTest" time="0.008">
    <system-out><![CDATA[2026-07-06T23:01:33.443+05:30  INFO 21060 --- [product-service] [           main] c.s.p.service.impl.ProductServiceImpl    : Fetching product with ID: 76239793-6dcc-40de-9ed6-ed21b503838b
2026-07-06T23:01:33.443+05:30  WARN 21060 --- [product-service] [           main] c.s.p.service.impl.ProductServiceImpl    : Product lookup failed. ID not found: 76239793-6dcc-40de-9ed6-ed21b503838b
]]></system-out>
  </testcase>
  <testcase name="createProduct_ThrowsIllegalArgumentExceptionForNegativePrice" classname="com.sameer.product_service.service.ProductServiceTest" time="0.013">
    <system-out><![CDATA[2026-07-06T23:01:33.459+05:30  INFO 21060 --- [product-service] [           main] c.s.p.service.impl.ProductServiceImpl    : Creating product with SKU: SKU-123
2026-07-06T23:01:33.459+05:30  WARN 21060 --- [product-service] [           main] c.s.p.service.impl.ProductServiceImpl    : Product creation failed. Price must be positive.
]]></system-out>
  </testcase>
  <testcase name="createProduct_ThrowsDuplicateNameException" classname="com.sameer.product_service.service.ProductServiceTest" time="0.01">
    <system-out><![CDATA[2026-07-06T23:01:33.468+05:30  INFO 21060 --- [product-service] [           main] c.s.p.service.impl.ProductServiceImpl    : Creating product with SKU: SKU-123
2026-07-06T23:01:33.472+05:30  WARN 21060 --- [product-service] [           main] c.s.p.service.impl.ProductServiceImpl    : Product creation failed. Name already exists: Test Product
]]></system-out>
  </testcase>
  <testcase name="deleteProduct_Success" classname="com.sameer.product_service.service.ProductServiceTest" time="0.047">
    <system-out><![CDATA[2026-07-06T23:01:33.520+05:30  INFO 21060 --- [product-service] [           main] c.s.p.service.impl.ProductServiceImpl    : Deleting product with ID: bf3c454d-966c-4c07-80a3-db969c0a503c
2026-07-06T23:01:33.520+05:30  INFO 21060 --- [product-service] [           main] c.s.p.service.impl.ProductServiceImpl    : Product marked as discontinued with ID: bf3c454d-966c-4c07-80a3-db969c0a503c
]]></system-out>
  </testcase>
  <testcase name="createProduct_Success" classname="com.sameer.product_service.service.ProductServiceTest" time="0.055">
    <system-out><![CDATA[2026-07-06T23:01:33.573+05:30  INFO 21060 --- [product-service] [           main] c.s.p.service.impl.ProductServiceImpl    : Creating product with SKU: SKU-123
2026-07-06T23:01:33.577+05:30  INFO 21060 --- [product-service] [           main] c.s.p.service.impl.ProductServiceImpl    : Product created successfully with ID: ead9c47c-8a87-43f0-b2ae-db19719f327c
]]></system-out>
  </testcase>
  <testcase name="updateProduct_ThrowsInvalidStateExceptionForDiscontinuedProduct" classname="com.sameer.product_service.service.ProductServiceTest" time="0.014">
    <system-out><![CDATA[2026-07-06T23:01:33.589+05:30  INFO 21060 --- [product-service] [           main] c.s.p.service.impl.ProductServiceImpl    : Updating product with ID: 3fb50390-5f5e-4e34-87be-ea3423b19a01
2026-07-06T23:01:33.591+05:30  WARN 21060 --- [product-service] [           main] c.s.p.service.impl.ProductServiceImpl    : Product update failed. Cannot update discontinued product ID: 3fb50390-5f5e-4e34-87be-ea3423b19a01
]]></system-out>
  </testcase>
</testsuite>